

Started GET "/" for 127.0.0.1 at 2013-08-20 22:37:28 -0700
Processing by Rails::WelcomeController#index as HTML
  Rendered /var/lib/gems/1.9.1/gems/railties-4.0.0/lib/rails/templates/rails/welcome/index.html.erb (9.0ms)
Completed 200 OK in 13ms (Views: 12.8ms)


Started GET "/list" for 127.0.0.1 at 2013-08-20 22:37:30 -0700
Processing by ApplicationController#list as HTML
Completed 200 OK in 3054ms (Views: 0.6ms)


Started GET "/list" for 127.0.0.1 at 2013-08-20 22:39:36 -0700

SyntaxError (/home/szahn/BitBucket/MadMimiWebService/app/controllers/application_controller.rb:34: syntax error, unexpected $end, expecting keyword_end):
  activesupport (4.0.0) lib/active_support/dependencies.rb:423:in `load'
  activesupport (4.0.0) lib/active_support/dependencies.rb:423:in `block in load_file'
  activesupport (4.0.0) lib/active_support/dependencies.rb:615:in `new_constants_in'
  activesupport (4.0.0) lib/active_support/dependencies.rb:422:in `load_file'
  activesupport (4.0.0) lib/active_support/dependencies.rb:323:in `require_or_load'
  activesupport (4.0.0) lib/active_support/dependencies.rb:462:in `load_missing_constant'
  activesupport (4.0.0) lib/active_support/dependencies.rb:183:in `const_missing'
  activesupport (4.0.0) lib/active_support/inflector/methods.rb:226:in `const_get'
  activesupport (4.0.0) lib/active_support/inflector/methods.rb:226:in `block in constantize'
  activesupport (4.0.0) lib/active_support/inflector/methods.rb:224:in `each'
  activesupport (4.0.0) lib/active_support/inflector/methods.rb:224:in `inject'
  activesupport (4.0.0) lib/active_support/inflector/methods.rb:224:in `constantize'
  activesupport (4.0.0) lib/active_support/dependencies.rb:534:in `get'
  activesupport (4.0.0) lib/active_support/dependencies.rb:565:in `constantize'
  actionpack (4.0.0) lib/action_dispatch/routing/route_set.rb:76:in `controller_reference'
  actionpack (4.0.0) lib/action_dispatch/routing/route_set.rb:66:in `controller'
  actionpack (4.0.0) lib/action_dispatch/routing/route_set.rb:44:in `call'
  actionpack (4.0.0) lib/action_dispatch/journey/router.rb:71:in `block in call'
  actionpack (4.0.0) lib/action_dispatch/journey/router.rb:59:in `each'
  actionpack (4.0.0) lib/action_dispatch/journey/router.rb:59:in `call'
  actionpack (4.0.0) lib/action_dispatch/routing/route_set.rb:655:in `call'
  rack (1.5.2) lib/rack/etag.rb:23:in `call'
  rack (1.5.2) lib/rack/conditionalget.rb:25:in `call'
  rack (1.5.2) lib/rack/head.rb:11:in `call'
  actionpack (4.0.0) lib/action_dispatch/middleware/params_parser.rb:27:in `call'
  actionpack (4.0.0) lib/action_dispatch/middleware/flash.rb:241:in `call'
  rack (1.5.2) lib/rack/session/abstract/id.rb:225:in `context'
  rack (1.5.2) lib/rack/session/abstract/id.rb:220:in `call'
  actionpack (4.0.0) lib/action_dispatch/middleware/cookies.rb:486:in `call'
  actionpack (4.0.0) lib/action_dispatch/middleware/callbacks.rb:29:in `block in call'
  activesupport (4.0.0) lib/active_support/callbacks.rb:373:in `_run__3908890768003194244__call__callbacks'
  activesupport (4.0.0) lib/active_support/callbacks.rb:80:in `run_callbacks'
  actionpack (4.0.0) lib/action_dispatch/middleware/callbacks.rb:27:in `call'
  actionpack (4.0.0) lib/action_dispatch/middleware/reloader.rb:64:in `call'
  actionpack (4.0.0) lib/action_dispatch/middleware/remote_ip.rb:76:in `call'
  actionpack (4.0.0) lib/action_dispatch/middleware/debug_exceptions.rb:17:in `call'
  actionpack (4.0.0) lib/action_dispatch/middleware/show_exceptions.rb:30:in `call'
  railties (4.0.0) lib/rails/rack/logger.rb:38:in `call_app'
  railties (4.0.0) lib/rails/rack/logger.rb:21:in `block in call'
  activesupport (4.0.0) lib/active_support/tagged_logging.rb:67:in `block in tagged'
  activesupport (4.0.0) lib/active_support/tagged_logging.rb:25:in `tagged'
  activesupport (4.0.0) lib/active_support/tagged_logging.rb:67:in `tagged'
  railties (4.0.0) lib/rails/rack/logger.rb:21:in `call'
  actionpack (4.0.0) lib/action_dispatch/middleware/request_id.rb:21:in `call'
  rack (1.5.2) lib/rack/methodoverride.rb:21:in `call'
  rack (1.5.2) lib/rack/runtime.rb:17:in `call'
  activesupport (4.0.0) lib/active_support/cache/strategy/local_cache.rb:83:in `call'
  rack (1.5.2) lib/rack/lock.rb:17:in `call'
  actionpack (4.0.0) lib/action_dispatch/middleware/static.rb:64:in `call'
  railties (4.0.0) lib/rails/engine.rb:511:in `call'
  railties (4.0.0) lib/rails/application.rb:97:in `call'
  rack (1.5.2) lib/rack/lock.rb:17:in `call'
  rack (1.5.2) lib/rack/content_length.rb:14:in `call'
  rack (1.5.2) lib/rack/handler/webrick.rb:60:in `service'
  /usr/lib/ruby/1.9.1/webrick/httpserver.rb:138:in `service'
  /usr/lib/ruby/1.9.1/webrick/httpserver.rb:94:in `run'
  /usr/lib/ruby/1.9.1/webrick/server.rb:191:in `block in start_thread'


  Rendered /var/lib/gems/1.9.1/gems/actionpack-4.0.0/lib/action_dispatch/middleware/templates/rescues/_source.erb (0.3ms)
  Rendered /var/lib/gems/1.9.1/gems/actionpack-4.0.0/lib/action_dispatch/middleware/templates/rescues/_trace.erb (0.6ms)
  Rendered /var/lib/gems/1.9.1/gems/actionpack-4.0.0/lib/action_dispatch/middleware/templates/rescues/_request_and_response.erb (20.7ms)
  Rendered /var/lib/gems/1.9.1/gems/actionpack-4.0.0/lib/action_dispatch/middleware/templates/rescues/diagnostics.erb within rescues/layout (27.1ms)


Started GET "/list" for 127.0.0.1 at 2013-08-20 22:39:55 -0700
Processing by ApplicationController#list as HTML
Completed 500 Internal Server Error in 1800ms

NameError (undefined local variable or method `ary' for #<ApplicationController:0x000000032f1b30>):
  app/controllers/application_controller.rb:26:in `block in parse_promotions'
  app/controllers/application_controller.rb:22:in `each'
  app/controllers/application_controller.rb:22:in `parse_promotions'
  app/controllers/application_controller.rb:15:in `list'


  Rendered /var/lib/gems/1.9.1/gems/actionpack-4.0.0/lib/action_dispatch/middleware/templates/rescues/_source.erb (0.3ms)
  Rendered /var/lib/gems/1.9.1/gems/actionpack-4.0.0/lib/action_dispatch/middleware/templates/rescues/_trace.erb (0.5ms)
  Rendered /var/lib/gems/1.9.1/gems/actionpack-4.0.0/lib/action_dispatch/middleware/templates/rescues/_request_and_response.erb (0.5ms)
  Rendered /var/lib/gems/1.9.1/gems/actionpack-4.0.0/lib/action_dispatch/middleware/templates/rescues/diagnostics.erb within rescues/layout (6.3ms)


Started GET "/list" for 127.0.0.1 at 2013-08-20 22:40:37 -0700

SyntaxError (/home/szahn/BitBucket/MadMimiWebService/app/controllers/application_controller.rb:12: syntax error, unexpected tLPAREN_ARG, expecting keyword_do or '{' or '('
    render json: parse_promotions (promotions)
                                   ^
/home/szahn/BitBucket/MadMimiWebService/app/controllers/application_controller.rb:18: syntax error, unexpected keyword_do_block, expecting keyword_end
    hash.each do |p|
                ^
/home/szahn/BitBucket/MadMimiWebService/app/controllers/application_controller.rb:32: syntax error, unexpected keyword_end, expecting $end):
  activesupport (4.0.0) lib/active_support/dependencies.rb:423:in `load'
  activesupport (4.0.0) lib/active_support/dependencies.rb:423:in `block in load_file'
  activesupport (4.0.0) lib/active_support/dependencies.rb:615:in `new_constants_in'
  activesupport (4.0.0) lib/active_support/dependencies.rb:422:in `load_file'
  activesupport (4.0.0) lib/active_support/dependencies.rb:323:in `require_or_load'
  activesupport (4.0.0) lib/active_support/dependencies.rb:462:in `load_missing_constant'
  activesupport (4.0.0) lib/active_support/dependencies.rb:183:in `const_missing'
  activesupport (4.0.0) lib/active_support/inflector/methods.rb:226:in `const_get'
  activesupport (4.0.0) lib/active_support/inflector/methods.rb:226:in `block in constantize'
  activesupport (4.0.0) lib/active_support/inflector/methods.rb:224:in `each'
  activesupport (4.0.0) lib/active_support/inflector/methods.rb:224:in `inject'
  activesupport (4.0.0) lib/active_support/inflector/methods.rb:224:in `constantize'
  activesupport (4.0.0) lib/active_support/dependencies.rb:534:in `get'
  activesupport (4.0.0) lib/active_support/dependencies.rb:565:in `constantize'
  actionpack (4.0.0) lib/action_dispatch/routing/route_set.rb:76:in `controller_reference'
  actionpack (4.0.0) lib/action_dispatch/routing/route_set.rb:66:in `controller'
  actionpack (4.0.0) lib/action_dispatch/routing/route_set.rb:44:in `call'
  actionpack (4.0.0) lib/action_dispatch/journey/router.rb:71:in `block in call'
  actionpack (4.0.0) lib/action_dispatch/journey/router.rb:59:in `each'
  actionpack (4.0.0) lib/action_dispatch/journey/router.rb:59:in `call'
  actionpack (4.0.0) lib/action_dispatch/routing/route_set.rb:655:in `call'
  rack (1.5.2) lib/rack/etag.rb:23:in `call'
  rack (1.5.2) lib/rack/conditionalget.rb:25:in `call'
  rack (1.5.2) lib/rack/head.rb:11:in `call'
  actionpack (4.0.0) lib/action_dispatch/middleware/params_parser.rb:27:in `call'
  actionpack (4.0.0) lib/action_dispatch/middleware/flash.rb:241:in `call'
  rack (1.5.2) lib/rack/session/abstract/id.rb:225:in `context'
  rack (1.5.2) lib/rack/session/abstract/id.rb:220:in `call'
  actionpack (4.0.0) lib/action_dispatch/middleware/cookies.rb:486:in `call'
  actionpack (4.0.0) lib/action_dispatch/middleware/callbacks.rb:29:in `block in call'
  activesupport (4.0.0) lib/active_support/callbacks.rb:373:in `_run__3908890768003194244__call__callbacks'
  activesupport (4.0.0) lib/active_support/callbacks.rb:80:in `run_callbacks'
  actionpack (4.0.0) lib/action_dispatch/middleware/callbacks.rb:27:in `call'
  actionpack (4.0.0) lib/action_dispatch/middleware/reloader.rb:64:in `call'
  actionpack (4.0.0) lib/action_dispatch/middleware/remote_ip.rb:76:in `call'
  actionpack (4.0.0) lib/action_dispatch/middleware/debug_exceptions.rb:17:in `call'
  actionpack (4.0.0) lib/action_dispatch/middleware/show_exceptions.rb:30:in `call'
  railties (4.0.0) lib/rails/rack/logger.rb:38:in `call_app'
  railties (4.0.0) lib/rails/rack/logger.rb:21:in `block in call'
  activesupport (4.0.0) lib/active_support/tagged_logging.rb:67:in `block in tagged'
  activesupport (4.0.0) lib/active_support/tagged_logging.rb:25:in `tagged'
  activesupport (4.0.0) lib/active_support/tagged_logging.rb:67:in `tagged'
  railties (4.0.0) lib/rails/rack/logger.rb:21:in `call'
  actionpack (4.0.0) lib/action_dispatch/middleware/request_id.rb:21:in `call'
  rack (1.5.2) lib/rack/methodoverride.rb:21:in `call'
  rack (1.5.2) lib/rack/runtime.rb:17:in `call'
  activesupport (4.0.0) lib/active_support/cache/strategy/local_cache.rb:83:in `call'
  rack (1.5.2) lib/rack/lock.rb:17:in `call'
  actionpack (4.0.0) lib/action_dispatch/middleware/static.rb:64:in `call'
  railties (4.0.0) lib/rails/engine.rb:511:in `call'
  railties (4.0.0) lib/rails/application.rb:97:in `call'
  rack (1.5.2) lib/rack/lock.rb:17:in `call'
  rack (1.5.2) lib/rack/content_length.rb:14:in `call'
  rack (1.5.2) lib/rack/handler/webrick.rb:60:in `service'
  /usr/lib/ruby/1.9.1/webrick/httpserver.rb:138:in `service'
  /usr/lib/ruby/1.9.1/webrick/httpserver.rb:94:in `run'
  /usr/lib/ruby/1.9.1/webrick/server.rb:191:in `block in start_thread'


  Rendered /var/lib/gems/1.9.1/gems/actionpack-4.0.0/lib/action_dispatch/middleware/templates/rescues/_source.erb (0.2ms)
  Rendered /var/lib/gems/1.9.1/gems/actionpack-4.0.0/lib/action_dispatch/middleware/templates/rescues/_trace.erb (0.5ms)
  Rendered /var/lib/gems/1.9.1/gems/actionpack-4.0.0/lib/action_dispatch/middleware/templates/rescues/_request_and_response.erb (0.5ms)
  Rendered /var/lib/gems/1.9.1/gems/actionpack-4.0.0/lib/action_dispatch/middleware/templates/rescues/diagnostics.erb within rescues/layout (5.8ms)


Started GET "/list" for 127.0.0.1 at 2013-08-20 22:41:17 -0700
Processing by ApplicationController#list as HTML
Completed 200 OK in 1824ms (Views: 11.5ms)


Started GET "/promotions" for 127.0.0.1 at 2013-08-20 22:41:57 -0700
Processing by ApplicationController#promotions as HTML
Completed 200 OK in 1513ms (Views: 0.8ms)


Started GET "/promotions" for 127.0.0.1 at 2013-08-20 22:42:43 -0700
Processing by ApplicationController#promotions as HTML
Completed 200 OK in 1743ms (Views: 0.5ms)


Started GET "/promotions" for 127.0.0.1 at 2013-08-20 22:44:27 -0700

SyntaxError (/home/szahn/BitBucket/MadMimiWebService/app/controllers/application_controller.rb:23: syntax error, unexpected keyword_next, expecting keyword_then or ';' or '\n'):
  activesupport (4.0.0) lib/active_support/dependencies.rb:423:in `load'
  activesupport (4.0.0) lib/active_support/dependencies.rb:423:in `block in load_file'
  activesupport (4.0.0) lib/active_support/dependencies.rb:615:in `new_constants_in'
  activesupport (4.0.0) lib/active_support/dependencies.rb:422:in `load_file'
  activesupport (4.0.0) lib/active_support/dependencies.rb:323:in `require_or_load'
  activesupport (4.0.0) lib/active_support/dependencies.rb:462:in `load_missing_constant'
  activesupport (4.0.0) lib/active_support/dependencies.rb:183:in `const_missing'
  activesupport (4.0.0) lib/active_support/inflector/methods.rb:226:in `const_get'
  activesupport (4.0.0) lib/active_support/inflector/methods.rb:226:in `block in constantize'
  activesupport (4.0.0) lib/active_support/inflector/methods.rb:224:in `each'
  activesupport (4.0.0) lib/active_support/inflector/methods.rb:224:in `inject'
  activesupport (4.0.0) lib/active_support/inflector/methods.rb:224:in `constantize'
  activesupport (4.0.0) lib/active_support/dependencies.rb:534:in `get'
  activesupport (4.0.0) lib/active_support/dependencies.rb:565:in `constantize'
  actionpack (4.0.0) lib/action_dispatch/routing/route_set.rb:76:in `controller_reference'
  actionpack (4.0.0) lib/action_dispatch/routing/route_set.rb:66:in `controller'
  actionpack (4.0.0) lib/action_dispatch/routing/route_set.rb:44:in `call'
  actionpack (4.0.0) lib/action_dispatch/journey/router.rb:71:in `block in call'
  actionpack (4.0.0) lib/action_dispatch/journey/router.rb:59:in `each'
  actionpack (4.0.0) lib/action_dispatch/journey/router.rb:59:in `call'
  actionpack (4.0.0) lib/action_dispatch/routing/route_set.rb:655:in `call'
  rack (1.5.2) lib/rack/etag.rb:23:in `call'
  rack (1.5.2) lib/rack/conditionalget.rb:25:in `call'
  rack (1.5.2) lib/rack/head.rb:11:in `call'
  actionpack (4.0.0) lib/action_dispatch/middleware/params_parser.rb:27:in `call'
  actionpack (4.0.0) lib/action_dispatch/middleware/flash.rb:241:in `call'
  rack (1.5.2) lib/rack/session/abstract/id.rb:225:in `context'
  rack (1.5.2) lib/rack/session/abstract/id.rb:220:in `call'
  actionpack (4.0.0) lib/action_dispatch/middleware/cookies.rb:486:in `call'
  actionpack (4.0.0) lib/action_dispatch/middleware/callbacks.rb:29:in `block in call'
  activesupport (4.0.0) lib/active_support/callbacks.rb:373:in `_run__3908890768003194244__call__callbacks'
  activesupport (4.0.0) lib/active_support/callbacks.rb:80:in `run_callbacks'
  actionpack (4.0.0) lib/action_dispatch/middleware/callbacks.rb:27:in `call'
  actionpack (4.0.0) lib/action_dispatch/middleware/reloader.rb:64:in `call'
  actionpack (4.0.0) lib/action_dispatch/middleware/remote_ip.rb:76:in `call'
  actionpack (4.0.0) lib/action_dispatch/middleware/debug_exceptions.rb:17:in `call'
  actionpack (4.0.0) lib/action_dispatch/middleware/show_exceptions.rb:30:in `call'
  railties (4.0.0) lib/rails/rack/logger.rb:38:in `call_app'
  railties (4.0.0) lib/rails/rack/logger.rb:21:in `block in call'
  activesupport (4.0.0) lib/active_support/tagged_logging.rb:67:in `block in tagged'
  activesupport (4.0.0) lib/active_support/tagged_logging.rb:25:in `tagged'
  activesupport (4.0.0) lib/active_support/tagged_logging.rb:67:in `tagged'
  railties (4.0.0) lib/rails/rack/logger.rb:21:in `call'
  actionpack (4.0.0) lib/action_dispatch/middleware/request_id.rb:21:in `call'
  rack (1.5.2) lib/rack/methodoverride.rb:21:in `call'
  rack (1.5.2) lib/rack/runtime.rb:17:in `call'
  activesupport (4.0.0) lib/active_support/cache/strategy/local_cache.rb:83:in `call'
  rack (1.5.2) lib/rack/lock.rb:17:in `call'
  actionpack (4.0.0) lib/action_dispatch/middleware/static.rb:64:in `call'
  railties (4.0.0) lib/rails/engine.rb:511:in `call'
  railties (4.0.0) lib/rails/application.rb:97:in `call'
  rack (1.5.2) lib/rack/lock.rb:17:in `call'
  rack (1.5.2) lib/rack/content_length.rb:14:in `call'
  rack (1.5.2) lib/rack/handler/webrick.rb:60:in `service'
  /usr/lib/ruby/1.9.1/webrick/httpserver.rb:138:in `service'
  /usr/lib/ruby/1.9.1/webrick/httpserver.rb:94:in `run'
  /usr/lib/ruby/1.9.1/webrick/server.rb:191:in `block in start_thread'


  Rendered /var/lib/gems/1.9.1/gems/actionpack-4.0.0/lib/action_dispatch/middleware/templates/rescues/_source.erb (0.3ms)
  Rendered /var/lib/gems/1.9.1/gems/actionpack-4.0.0/lib/action_dispatch/middleware/templates/rescues/_trace.erb (0.5ms)
  Rendered /var/lib/gems/1.9.1/gems/actionpack-4.0.0/lib/action_dispatch/middleware/templates/rescues/_request_and_response.erb (0.5ms)
  Rendered /var/lib/gems/1.9.1/gems/actionpack-4.0.0/lib/action_dispatch/middleware/templates/rescues/diagnostics.erb within rescues/layout (6.0ms)


Started GET "/promotions" for 127.0.0.1 at 2013-08-20 22:44:37 -0700
Processing by ApplicationController#promotions as HTML
Completed 200 OK in 1470ms (Views: 0.6ms)


Started GET "/promotions" for 127.0.0.1 at 2013-08-20 22:45:13 -0700
Processing by ApplicationController#promotions as HTML
Completed 200 OK in 1473ms (Views: 0.6ms)


Started GET "/promotions" for 127.0.0.1 at 2013-08-20 22:45:21 -0700
Processing by ApplicationController#promotions as HTML
Completed 200 OK in 1742ms (Views: 0.1ms)


Started GET "/promotions" for 127.0.0.1 at 2013-08-20 22:46:17 -0700
Processing by ApplicationController#promotions as HTML
Completed 500 Internal Server Error in 1466ms

NameError (undefined local variable or method `mimio' for #<ApplicationController:0x007f8bc86cc928>):
  app/controllers/application_controller.rb:35:in `block in parse_promotions'
  app/controllers/application_controller.rb:22:in `each'
  app/controllers/application_controller.rb:22:in `parse_promotions'
  app/controllers/application_controller.rb:16:in `promotions'


  Rendered /var/lib/gems/1.9.1/gems/actionpack-4.0.0/lib/action_dispatch/middleware/templates/rescues/_source.erb (0.3ms)
  Rendered /var/lib/gems/1.9.1/gems/actionpack-4.0.0/lib/action_dispatch/middleware/templates/rescues/_trace.erb (0.5ms)
  Rendered /var/lib/gems/1.9.1/gems/actionpack-4.0.0/lib/action_dispatch/middleware/templates/rescues/_request_and_response.erb (0.5ms)
  Rendered /var/lib/gems/1.9.1/gems/actionpack-4.0.0/lib/action_dispatch/middleware/templates/rescues/diagnostics.erb within rescues/layout (6.3ms)


Started GET "/promotions" for 127.0.0.1 at 2013-08-20 22:46:52 -0700
Processing by ApplicationController#promotions as HTML
Completed 500 Internal Server Error in 1781ms

NameError (undefined local variable or method `mailing' for #<ApplicationController:0x007f8bc899f880>):
  app/controllers/application_controller.rb:32:in `block in parse_promotions'
  app/controllers/application_controller.rb:22:in `each'
  app/controllers/application_controller.rb:22:in `parse_promotions'
  app/controllers/application_controller.rb:16:in `promotions'


  Rendered /var/lib/gems/1.9.1/gems/actionpack-4.0.0/lib/action_dispatch/middleware/templates/rescues/_source.erb (0.3ms)
  Rendered /var/lib/gems/1.9.1/gems/actionpack-4.0.0/lib/action_dispatch/middleware/templates/rescues/_trace.erb (0.5ms)
  Rendered /var/lib/gems/1.9.1/gems/actionpack-4.0.0/lib/action_dispatch/middleware/templates/rescues/_request_and_response.erb (0.5ms)
  Rendered /var/lib/gems/1.9.1/gems/actionpack-4.0.0/lib/action_dispatch/middleware/templates/rescues/diagnostics.erb within rescues/layout (6.3ms)


Started GET "/promotions" for 127.0.0.1 at 2013-08-20 22:47:01 -0700
Processing by ApplicationController#promotions as HTML
Completed 200 OK in 1563ms (Views: 0.5ms)


Started GET "/promotions" for 127.0.0.1 at 2013-08-20 22:47:51 -0700
Processing by ApplicationController#promotions as HTML
Completed 200 OK in 1785ms (Views: 0.4ms)


Started GET "/promotions" for 127.0.0.1 at 2013-08-20 22:48:02 -0700
Processing by ApplicationController#promotions as HTML
Completed 200 OK in 1479ms (Views: 0.1ms)


Started GET "/promotions" for 127.0.0.1 at 2013-08-20 22:48:19 -0700
Processing by ApplicationController#promotions as HTML
Completed 200 OK in 1505ms (Views: 0.1ms)


Started GET "/promotions" for 127.0.0.1 at 2013-08-20 22:48:24 -0700
Processing by ApplicationController#promotions as HTML
Completed 200 OK in 1849ms (Views: 0.5ms)


Started GET "/promotions" for 127.0.0.1 at 2013-08-20 22:48:47 -0700
Processing by ApplicationController#promotions as HTML
Completed 200 OK in 1739ms (Views: 0.4ms)


Started GET "/promotions" for 127.0.0.1 at 2013-08-20 22:49:21 -0700
Processing by ApplicationController#promotions as HTML
Completed 200 OK in 1776ms (Views: 0.4ms)


Started GET "/promotions" for 127.0.0.1 at 2013-08-21 17:54:34 -0700
Processing by ApplicationController#promotions as HTML
Completed 200 OK in 1717ms (Views: 0.4ms)


Started GET "/promotions" for 127.0.0.1 at 2013-08-21 17:55:21 -0700
Processing by ApplicationController#promotions as HTML
Completed 200 OK in 1667ms (Views: 0.4ms)


Started GET "/promotions" for 127.0.0.1 at 2013-08-21 17:58:37 -0700
Processing by ApplicationController#promotions as HTML
Completed 200 OK in 1762ms (Views: 0.4ms)


Started GET "/promotions" for 127.0.0.1 at 2013-08-21 17:59:01 -0700
Processing by ApplicationController#promotions as HTML
Completed 200 OK in 1770ms (Views: 1.1ms)
